[01m[K/home/zwx/Documents/ros/learn/src/action_demo/src/action_server.cpp:26:52:[m[K [01;31m[Kerror: [m[K‘[01m[KAddIntsAction[m[K’ is not a member of ‘[01m[Kaction_demo[m[K’
   26 | typedef actionlib::SimpleActionServer<action_demo::[01;31m[KAddIntsAction[m[K> Server;
      |                                                    [01;31m[K^~~~~~~~~~~~~[m[K
[01m[K/home/zwx/Documents/ros/learn/src/action_demo/src/action_server.cpp:26:52:[m[K [01;31m[Kerror: [m[K‘[01m[KAddIntsAction[m[K’ is not a member of ‘[01m[Kaction_demo[m[K’
[01m[K/home/zwx/Documents/ros/learn/src/action_demo/src/action_server.cpp:26:65:[m[K [01;31m[Kerror: [m[Ktemplate argument 1 is invalid
   26 | typedef actionlib::SimpleActionServer<action_demo::AddIntsAction[01;31m[K>[m[K Server;
      |                                                                 [01;31m[K^[m[K
[01m[K/home/zwx/Documents/ros/learn/src/action_demo/src/action_server.cpp:29:28:[m[K [01;31m[Kerror: [m[K‘[01m[KAddIntsGoalConstPtr[m[K’ in namespace ‘[01m[Kaction_demo[m[K’ does not name a type; did you mean ‘[01m[KActionDemoGoalConstPtr[m[K’?
   29 | void cb(const action_demo::[01;31m[KAddIntsGoalConstPtr[m[K &goal,Server* server){
      |                            [01;31m[K^~~~~~~~~~~~~~~~~~~[m[K
      |                            [32m[KActionDemoGoalConstPtr[m[K
[01m[K/home/zwx/Documents/ros/learn/src/action_demo/src/action_server.cpp:[m[K In function ‘[01m[Kvoid cb(const int&, Server*)[m[K’:
[01m[K/home/zwx/Documents/ros/learn/src/action_demo/src/action_server.cpp:31:19:[m[K [01;31m[Kerror: [m[Kbase operand of ‘[01m[K->[m[K’ is not a pointer
   31 |     int num = goal[01;31m[K->[m[Knum;
      |                   [01;31m[K^~[m[K
[01m[K/home/zwx/Documents/ros/learn/src/action_demo/src/action_server.cpp:35:18:[m[K [01;31m[Kerror: [m[K‘[01m[KAddIntsFeedback[m[K’ is not a member of ‘[01m[Kaction_demo[m[K’
   35 |     action_demo::[01;31m[KAddIntsFeedback[m[K feedback;//连续反馈
      |                  [01;31m[K^~~~~~~~~~~~~~~[m[K
[01m[K/home/zwx/Documents/ros/learn/src/action_demo/src/action_server.cpp:41:9:[m[K [01;31m[Kerror: [m[K‘[01m[Kfeedback[m[K’ was not declared in this scope
   41 |         [01;31m[Kfeedback[m[K.progress_bar = i / (double)num;
      |         [01;31m[K^~~~~~~~[m[K
[01m[K/home/zwx/Documents/ros/learn/src/action_demo/src/action_server.cpp:42:17:[m[K [01;31m[Kerror: [m[Krequest for member ‘[01m[KpublishFeedback[m[K’ in ‘[01m[K* server[m[K’, which is of non-class type ‘[01m[KServer[m[K’ {aka ‘[01m[Kint[m[K’}
   42 |         server->[01;31m[KpublishFeedback[m[K(feedback);
      |                 [01;31m[K^~~~~~~~~~~~~~~[m[K
[01m[K/home/zwx/Documents/ros/learn/src/action_demo/src/action_server.cpp:46:18:[m[K [01;31m[Kerror: [m[K‘[01m[KAddIntsResult[m[K’ is not a member of ‘[01m[Kaction_demo[m[K’
   46 |     action_demo::[01;31m[KAddIntsResult[m[K r;
      |                  [01;31m[K^~~~~~~~~~~~~[m[K
[01m[K/home/zwx/Documents/ros/learn/src/action_demo/src/action_server.cpp:47:5:[m[K [01;31m[Kerror: [m[K‘[01m[Kr[m[K’ was not declared in this scope
   47 |     [01;31m[Kr[m[K.result = result;
      |     [01;31m[K^[m[K
[01m[K/home/zwx/Documents/ros/learn/src/action_demo/src/action_server.cpp:48:13:[m[K [01;31m[Kerror: [m[Krequest for member ‘[01m[KsetSucceeded[m[K’ in ‘[01m[K* server[m[K’, which is of non-class type ‘[01m[KServer[m[K’ {aka ‘[01m[Kint[m[K’}
   48 |     server->[01;31m[KsetSucceeded[m[K(r);
      |             [01;31m[K^~~~~~~~~~~~[m[K
[01m[K/home/zwx/Documents/ros/learn/src/action_demo/src/action_server.cpp:[m[K In function ‘[01m[Kint main(int, char**)[m[K’:
[01m[K/home/zwx/Documents/ros/learn/src/action_demo/src/action_server.cpp:67:65:[m[K [01;31m[Kerror: [m[Kexpression list treated as compound expression in initializer [[01;31m[K-fpermissive[m[K]
   67 |     Server server(nh,"addInts",boost::bind(&cb,_1,&server),false[01;31m[K)[m[K;
      |                                                                 [01;31m[K^[m[K
[01m[K/home/zwx/Documents/ros/learn/src/action_demo/src/action_server.cpp:68:12:[m[K [01;31m[Kerror: [m[Krequest for member ‘[01m[Kstart[m[K’ in ‘[01m[Kserver[m[K’, which is of non-class type ‘[01m[KServer[m[K’ {aka ‘[01m[Kint[m[K’}
   68 |     server.[01;31m[Kstart[m[K();
      |            [01;31m[K^~~~~[m[K
make[2]: *** [CMakeFiles/srv.dir/build.make:63: CMakeFiles/srv.dir/src/action_server.cpp.o] Error 1
make[1]: *** [CMakeFiles/Makefile2:517: CMakeFiles/srv.dir/all] Error 2
make: *** [Makefile:141: all] Error 2
